[ 16%] Built target panda_impedance_controller_parameters
[ 50%] Built target calculate_pose
[ 66%] [32mBuilding CXX object CMakeFiles/panda_impedance_controller.dir/src/impedance_controller.cpp.o[0m
[01m[K/home/beniamino/ros2_ws/src/panda_impedance_controller/panda_impedance_controller/src/impedance_controller.cpp:[m[K In member function â€˜[01m[Kvoid panda_impedance_controller::ImpedanceController::compute_effort(Eigen::VectorXd&, const VectorXd&, const VectorXd&)[m[Kâ€™:
[01m[K/home/beniamino/ros2_ws/src/panda_impedance_controller/panda_impedance_controller/src/impedance_controller.cpp:492:26:[m[K [01;31m[Kerror: [m[Kâ€˜[01m[Kactual_ee_orientation[m[Kâ€™ was not declared in this scope; did you mean â€˜[01m[Kactual_ee_orientation_[m[Kâ€™?
  492 |     orientation_error = -[01;31m[Kactual_ee_orientation[m[K * orientation_error.toRotationMatrix();
      |                          [01;31m[K^~~~~~~~~~~~~~~~~~~~~[m[K
      |                          [32m[Kactual_ee_orientation_[m[K
[01m[K/home/beniamino/ros2_ws/src/panda_impedance_controller/panda_impedance_controller/src/impedance_controller.cpp:492:68:[m[K [01;31m[Kerror: [m[Kâ€˜[01m[KEigen::VectorXd[m[Kâ€™ {aka â€˜[01m[Kclass Eigen::Matrix<double, -1, 1>[m[Kâ€™} has no member named â€˜[01m[KtoRotationMatrix[m[Kâ€™
  492 |     orientation_error = -actual_ee_orientation * orientation_error.[01;31m[KtoRotationMatrix[m[K();
      |                                                                    [01;31m[K^~~~~~~~~~~~~~~~[m[K
gmake[2]: *** [CMakeFiles/panda_impedance_controller.dir/build.make:76: CMakeFiles/panda_impedance_controller.dir/src/impedance_controller.cpp.o] Error 1
gmake[1]: *** [CMakeFiles/Makefile2:167: CMakeFiles/panda_impedance_controller.dir/all] Error 2
gmake: *** [Makefile:146: all] Error 2
