[  9%] Built target task_space_client_utils_parameters
[ 27%] Built target bag_file_utils
[35m[1mConsolidate compiler generated dependencies of target task_space_client_utils[0m
[ 45%] Built target moveit_utils
[ 63%] Built target task_space_client_utils
[ 81%] Built target panda_moveit_planning_node
[ 90%] [32mBuilding CXX object CMakeFiles/panda_moveit_cartesian_demo.dir/src/panda_moveit_cartesian_demo.cpp.o[0m
[01m[K/home/beniamino/ros2_ws/src/panda_impedance_controller/panda_moveit_planning_demo/src/panda_moveit_cartesian_demo.cpp:[m[K In function â€˜[01m[Kint main(int, char**)[m[Kâ€™:
[01m[K/home/beniamino/ros2_ws/src/panda_impedance_controller/panda_moveit_planning_demo/src/panda_moveit_cartesian_demo.cpp:170:5:[m[K [01;31m[Kerror: [m[Kâ€˜[01m[Kbag_file_handler[m[Kâ€™ was not declared in this scope; did you mean â€˜[01m[Kbag_file_utils[m[Kâ€™?
  170 |     [01;31m[Kbag_file_handler[m[K->create_bag_topics(topics, "moveit_msgs/msg/CartesianTrajectory");  // Create bag topics for storing trajectories
      |     [01;31m[K^~~~~~~~~~~~~~~~[m[K
      |     [32m[Kbag_file_utils[m[K
[01m[K/home/beniamino/ros2_ws/src/panda_impedance_controller/panda_moveit_planning_demo/src/panda_moveit_cartesian_demo.cpp:273:10:[m[K [01;31m[Kerror: [m[Kconflicting declaration â€˜[01m[Kauto waypoints[m[Kâ€™
  273 |     auto [01;31m[Kwaypoints[m[K = generate_waypoints(cartesian_path_poses);  // Generate waypoints for the Cartesian path
      |          [01;31m[K^~~~~~~~~[m[K
[01m[K/home/beniamino/ros2_ws/src/panda_impedance_controller/panda_moveit_planning_demo/src/panda_moveit_cartesian_demo.cpp:146:43:[m[K [01;36m[Knote: [m[Kprevious declaration as â€˜[01m[Kstd::vector<geometry_msgs::msg::Pose_<std::allocator<void> > > waypoints[m[Kâ€™
  146 |     std::vector<geometry_msgs::msg::Pose> [01;36m[Kwaypoints[m[K;
      |                                           [01;36m[K^~~~~~~~~[m[K
[01m[K/home/beniamino/ros2_ws/src/panda_impedance_controller/panda_moveit_planning_demo/src/panda_moveit_cartesian_demo.cpp:273:41:[m[K [01;31m[Kerror: [m[Kâ€˜[01m[Kcartesian_path_poses[m[Kâ€™ was not declared in this scope
  273 |     auto waypoints = generate_waypoints([01;31m[Kcartesian_path_poses[m[K);  // Generate waypoints for the Cartesian path
      |                                         [01;31m[K^~~~~~~~~~~~~~~~~~~~[m[K
gmake[2]: *** [CMakeFiles/panda_moveit_cartesian_demo.dir/build.make:76: CMakeFiles/panda_moveit_cartesian_demo.dir/src/panda_moveit_cartesian_demo.cpp.o] Error 1
gmake[1]: *** [CMakeFiles/Makefile2:283: CMakeFiles/panda_moveit_cartesian_demo.dir/all] Error 2
gmake: *** [Makefile:146: all] Error 2
