[0.020s] Invoking command in '/home/beniamino/ros2_ws/build/panda_moveit_planning_demo': CMAKE_PREFIX_PATH=/home/beniamino/ros2_ws/install/acg_resources_panda_moveit_config:/home/beniamino/ros2_ws/install/cartesian_control_msgs:/home/beniamino/ros2_ws/install/acg_resources_panda_description:/home/beniamino/ros2_ws/install/ros_extensions_utilities:/home/beniamino/ros2_ws/install/panda_moveit_planning_demo:/home/beniamino/ros2_ws/install/panda_impedance_controller:/home/beniamino/ros2_ws/install/kdl_inverse_dynamics_solver:/home/beniamino/ros2_ws/install/inverse_dynamics_solver:/home/beniamino/ros2_ws/install/acg_resources_panda_trajectory_generation:/home/beniamino/ros2_ws/install/acg_resources_panda_trajectory_analyzer:/opt/ros/humble LD_LIBRARY_PATH=/home/beniamino/ros2_ws/install/cartesian_control_msgs/lib:/home/beniamino/ros2_ws/install/panda_impedance_controller/lib:/home/beniamino/ros2_ws/install/kdl_inverse_dynamics_solver/lib:/opt/ros/humble/opt/rviz_ogre_vendor/lib:/opt/ros/humble/lib/x86_64-linux-gnu:/opt/ros/humble/lib /usr/bin/cmake --build /home/beniamino/ros2_ws/build/panda_moveit_planning_demo -- -j12 -l12
[0.109s] [  9%] Built target task_space_client_utils_parameters
[0.119s] [ 27%] Built target bag_file_utils
[0.134s] [ 45%] Built target moveit_utils
[0.158s] [ 63%] Built target task_space_client_utils
[0.187s] [35m[1mConsolidate compiler generated dependencies of target panda_moveit_cartesian_demo[0m
[0.217s] [ 81%] Built target panda_moveit_planning_node
[0.251s] [ 90%] [32mBuilding CXX object CMakeFiles/panda_moveit_cartesian_demo.dir/src/panda_moveit_cartesian_demo.cpp.o[0m
[14.212s] [01m[K/home/beniamino/ros2_ws/src/panda_impedance_controller/panda_moveit_planning_demo/src/panda_moveit_cartesian_demo.cpp:[m[K In function â€˜[01m[Kint main(int, char**)[m[Kâ€™:
[14.213s] [01m[K/home/beniamino/ros2_ws/src/panda_impedance_controller/panda_moveit_planning_demo/src/panda_moveit_cartesian_demo.cpp:169:78:[m[K [01;31m[Kerror: [m[Kâ€˜[01m[Kbase_filename[m[Kâ€™ was not declared in this scope; did you mean â€˜[01m[Kbase_frame[m[Kâ€™?
[14.213s]   169 |     auto bag_file_handler = std::make_shared<bag_file_utils::BagFileHandler>([01;31m[Kbase_filename[m[K);  // Create a bag file handler for reading/writing bag files
[14.213s]       |                                                                              [01;31m[K^~~~~~~~~~~~~[m[K
[14.213s]       |                                                                              [32m[Kbase_frame[m[K
[14.223s] [01m[K/home/beniamino/ros2_ws/src/panda_impedance_controller/panda_moveit_planning_demo/src/panda_moveit_cartesian_demo.cpp:272:10:[m[K [01;31m[Kerror: [m[Kconflicting declaration â€˜[01m[Kauto waypoints[m[Kâ€™
[14.224s]   272 |     auto [01;31m[Kwaypoints[m[K = generate_waypoints(cartesian_path_poses);  // Generate waypoints for the Cartesian path
[14.224s]       |          [01;31m[K^~~~~~~~~[m[K
[14.224s] [01m[K/home/beniamino/ros2_ws/src/panda_impedance_controller/panda_moveit_planning_demo/src/panda_moveit_cartesian_demo.cpp:146:43:[m[K [01;36m[Knote: [m[Kprevious declaration as â€˜[01m[Kstd::vector<geometry_msgs::msg::Pose_<std::allocator<void> > > waypoints[m[Kâ€™
[14.224s]   146 |     std::vector<geometry_msgs::msg::Pose> [01;36m[Kwaypoints[m[K;
[14.224s]       |                                           [01;36m[K^~~~~~~~~[m[K
[14.255s] [01m[K/home/beniamino/ros2_ws/src/panda_impedance_controller/panda_moveit_planning_demo/src/panda_moveit_cartesian_demo.cpp:272:41:[m[K [01;31m[Kerror: [m[Kâ€˜[01m[Kcartesian_path_poses[m[Kâ€™ was not declared in this scope
[14.255s]   272 |     auto waypoints = generate_waypoints([01;31m[Kcartesian_path_poses[m[K);  // Generate waypoints for the Cartesian path
[14.255s]       |                                         [01;31m[K^~~~~~~~~~~~~~~~~~~~[m[K
[32.011s] gmake[2]: *** [CMakeFiles/panda_moveit_cartesian_demo.dir/build.make:76: CMakeFiles/panda_moveit_cartesian_demo.dir/src/panda_moveit_cartesian_demo.cpp.o] Error 1
[32.012s] gmake[1]: *** [CMakeFiles/Makefile2:283: CMakeFiles/panda_moveit_cartesian_demo.dir/all] Error 2
[32.012s] gmake: *** [Makefile:146: all] Error 2
[32.015s] Invoked command in '/home/beniamino/ros2_ws/build/panda_moveit_planning_demo' returned '2': CMAKE_PREFIX_PATH=/home/beniamino/ros2_ws/install/acg_resources_panda_moveit_config:/home/beniamino/ros2_ws/install/cartesian_control_msgs:/home/beniamino/ros2_ws/install/acg_resources_panda_description:/home/beniamino/ros2_ws/install/ros_extensions_utilities:/home/beniamino/ros2_ws/install/panda_moveit_planning_demo:/home/beniamino/ros2_ws/install/panda_impedance_controller:/home/beniamino/ros2_ws/install/kdl_inverse_dynamics_solver:/home/beniamino/ros2_ws/install/inverse_dynamics_solver:/home/beniamino/ros2_ws/install/acg_resources_panda_trajectory_generation:/home/beniamino/ros2_ws/install/acg_resources_panda_trajectory_analyzer:/opt/ros/humble LD_LIBRARY_PATH=/home/beniamino/ros2_ws/install/cartesian_control_msgs/lib:/home/beniamino/ros2_ws/install/panda_impedance_controller/lib:/home/beniamino/ros2_ws/install/kdl_inverse_dynamics_solver/lib:/opt/ros/humble/opt/rviz_ogre_vendor/lib:/opt/ros/humble/lib/x86_64-linux-gnu:/opt/ros/humble/lib /usr/bin/cmake --build /home/beniamino/ros2_ws/build/panda_moveit_planning_demo -- -j12 -l12
