-- Found ament_cmake: 1.3.10 (/opt/ros/humble/share/ament_cmake/cmake)
-- Found rclcpp: 16.0.10 (/opt/ros/humble/share/rclcpp/cmake)
-- Found rosidl_generator_c: 3.1.5 (/opt/ros/humble/share/rosidl_generator_c/cmake)
-- Found rosidl_adapter: 3.1.5 (/opt/ros/humble/share/rosidl_adapter/cmake)
-- Found rosidl_generator_cpp: 3.1.5 (/opt/ros/humble/share/rosidl_generator_cpp/cmake)
-- Using all available rosidl_typesupport_c: rosidl_typesupport_fastrtps_c;rosidl_typesupport_introspection_c
-- Using all available rosidl_typesupport_cpp: rosidl_typesupport_fastrtps_cpp;rosidl_typesupport_introspection_cpp
-- Found rmw_implementation_cmake: 6.1.2 (/opt/ros/humble/share/rmw_implementation_cmake/cmake)
-- Found rmw_fastrtps_cpp: 6.2.7 (/opt/ros/humble/share/rmw_fastrtps_cpp/cmake)
-- Using RMW implementation 'rmw_fastrtps_cpp' as default
-- Found moveit_ros_planning_interface: 2.5.5 (/opt/ros/humble/share/moveit_ros_planning_interface/cmake)
-- Found Boost: /usr/lib/x86_64-linux-gnu/cmake/Boost-1.74.0/BoostConfig.cmake (found version "1.74.0") found components: date_time filesystem program_options system thread 
-- Found Boost: /usr/lib/x86_64-linux-gnu/cmake/Boost-1.74.0/BoostConfig.cmake (found version "1.74.0") found components: chrono date_time filesystem iostreams program_options regex serialization system thread 
-- Found parameter_traits: 0.3.8 (/opt/ros/humble/share/parameter_traits/cmake)
-- Found rclcpp_lifecycle: 16.0.10 (/opt/ros/humble/share/rclcpp_lifecycle/cmake)
-- Found Boost: /usr/lib/x86_64-linux-gnu/cmake/Boost-1.74.0/BoostConfig.cmake (found version "1.74.0") found components: filesystem 
-- library: /usr/lib/x86_64-linux-gnu/libcurl.so
-- Ensuring Eigen3 include directory is part of orocos-kdl CMake target
-- Found Boost: /usr/lib/x86_64-linux-gnu/cmake/Boost-1.74.0/BoostConfig.cmake (found version "1.74.0") found components: system filesystem date_time program_options thread chrono 
-- Found Boost: /usr/lib/x86_64-linux-gnu/cmake/Boost-1.74.0/BoostConfig.cmake (found version "1.74.0") found components: thread system filesystem regex date_time program_options 
-- Found Boost: /usr/lib/x86_64-linux-gnu/cmake/Boost-1.74.0/BoostConfig.cmake (found version "1.74.0") found components: system filesystem date_time program_options thread 
-- Found moveit_visual_tools: 4.1.0 (/opt/ros/humble/share/moveit_visual_tools/cmake)
-- Setting assimp_DIR to: '/opt/ros/humble/share/rviz_assimp_vendor/cmake/../../../opt/rviz_assimp_vendor/lib/cmake/assimp-4.1'
-- Setting OGRE_DIR to: '/opt/ros/humble/share/rviz_ogre_vendor/cmake/../../../opt/rviz_ogre_vendor/lib/OGRE/cmake'
-- Found OGRE
--   static     : OFF
--   components : HLMS;MeshLodGenerator;Overlay;Paging;Property;RTShaderSystem;Terrain;Volume
--   plugins    : Plugin_BSPSceneManager;Plugin_OctreeSceneManager;Plugin_PCZSceneManager;Plugin_ParticleFX;RenderSystem_GL;RenderSystem_GL3Plus;Codec_STBI
--   media      : /opt/ros/humble/opt/rviz_ogre_vendor/share/OGRE/Media
-- OGRE_LIBRARIES: OgreHLMS;OgreMeshLodGenerator;OgreOverlay;OgrePaging;OgreProperty;OgreRTShaderSystem;OgreTerrain;OgreVolume;OgreMain
-- OGRE_LIBRARY_DIRS: /opt/ros/humble/opt/rviz_ogre_vendor/lib
-- OGRE_PLUGINS: Plugin_BSPSceneManager;Plugin_OctreeSceneManager;Plugin_PCZSceneManager;Plugin_ParticleFX;RenderSystem_GL;RenderSystem_GL3Plus;Codec_STBI
-- OGRE_PLUGIN_DIR: /opt/ros/humble/opt/rviz_ogre_vendor/lib/OGRE
-- rviz_ogre_vendor::OgreOverlay for IMPORTED_LOCATION_RELEASE: /opt/ros/humble/opt/rviz_ogre_vendor/lib/libOgreOverlay.so
-- rviz_ogre_vendor::OgreOverlay for IMPORTED_LOCATION_DEBUG: /opt/ros/humble/opt/rviz_ogre_vendor/lib/libOgreOverlay.so
-- rviz_ogre_vendor::OgreMain for IMPORTED_LOCATION_RELEASE: /opt/ros/humble/opt/rviz_ogre_vendor/lib/libOgreMain.so
-- rviz_ogre_vendor::OgreMain for IMPORTED_LOCATION_DEBUG: /opt/ros/humble/opt/rviz_ogre_vendor/lib/libOgreMain.so
-- Could not find freeimage library
-- Found rosbag2_cpp: 0.15.12 (/opt/ros/humble/share/rosbag2_cpp/cmake)
-- Found cartesian_control_msgs: 0.0.1 (/home/beniamino/ros2_ws/install/cartesian_control_msgs/share/cartesian_control_msgs/cmake)
-- Configuring done
-- Generating done
-- Build files have been written to: /home/beniamino/ros2_ws/build/panda_moveit_planning_demo
[  7%] Built target task_space_client_utils_parameters
[35m[1mConsolidate compiler generated dependencies of target task_space_client_utils[0m
[ 23%] Built target task_space_client_utils
[35m[1mConsolidate compiler generated dependencies of target bag_file_utils[0m
[35m[1mConsolidate compiler generated dependencies of target moveit_utils[0m
[ 38%] Built target bag_file_utils
[ 53%] Built target moveit_utils
[35m[1mConsolidate compiler generated dependencies of target panda_moveit_cartesian_demo[0m
[ 61%] [32mBuilding CXX object CMakeFiles/panda_moveit_cartesian_demo_nobag.dir/src/panda_moveit_cartesian_demo_nobag.cpp.o[0m
[ 69%] [32mBuilding CXX object CMakeFiles/panda_moveit_cartesian_demo.dir/src/panda_moveit_cartesian_demo.cpp.o[0m
[35m[1mConsolidate compiler generated dependencies of target panda_moveit_planning_node[0m
[ 84%] Built target panda_moveit_planning_node
[01m[K/home/beniamino/ros2_ws/src/panda_impedance_controller/panda_moveit_planning_demo/src/panda_moveit_cartesian_demo_nobag.cpp:[m[K In function â€˜[01m[Kint main(int, char**)[m[Kâ€™:
[01m[K/home/beniamino/ros2_ws/src/panda_impedance_controller/panda_moveit_planning_demo/src/panda_moveit_cartesian_demo_nobag.cpp:94:24:[m[K [01;31m[Kerror: [m[Kexpected primary-expression before â€˜[01m[K.[m[Kâ€™ token
   94 |     moveit_visual_tools[01;31m[K.[m[KdeleteAllMarkers();  // Delete all markers in RViz
      |                        [01;31m[K^[m[K
[01m[K/home/beniamino/ros2_ws/src/panda_impedance_controller/panda_moveit_planning_demo/src/panda_moveit_cartesian_demo_nobag.cpp:95:24:[m[K [01;31m[Kerror: [m[Kexpected primary-expression before â€˜[01m[K.[m[Kâ€™ token
   95 |     moveit_visual_tools[01;31m[K.[m[Kprompt("Press 'Next' in the RvizVisualToolsGui window to plan a Cartesian path");  // Prompt the user in RViz to plan a Cartesian path
      |                        [01;31m[K^[m[K
[01m[K/home/beniamino/ros2_ws/src/panda_impedance_controller/panda_moveit_planning_demo/src/panda_moveit_cartesian_demo_nobag.cpp:96:35:[m[K [01;31m[Kerror: [m[Kexpected primary-expression before â€˜[01m[K,[m[Kâ€™ token
   96 |     draw_title(moveit_visual_tools[01;31m[K,[m[K "Planning cartesian path");  // Draw "Planning cartesian path" title in RViz
      |                                   [01;31m[K^[m[K
[01m[K/home/beniamino/ros2_ws/src/panda_impedance_controller/panda_moveit_planning_demo/src/panda_moveit_cartesian_demo_nobag.cpp:98:41:[m[K [01;31m[Kerror: [m[Kâ€˜[01m[Kcartesian_path_poses[m[Kâ€™ was not declared in this scope
   98 |     auto waypoints = generate_waypoints([01;31m[Kcartesian_path_poses[m[K, &move_group_interface);  // Pass the address of move_group_interface
      |                                         [01;31m[K^~~~~~~~~~~~~~~~~~~~[m[K
[01m[K/home/beniamino/ros2_ws/src/panda_impedance_controller/panda_moveit_planning_demo/src/panda_moveit_cartesian_demo_nobag.cpp:98:64:[m[K [01;31m[Kerror: [m[Kâ€˜[01m[Kmove_group_interface[m[Kâ€™ was not declared in this scope
   98 |     auto waypoints = generate_waypoints(cartesian_path_poses, &[01;31m[Kmove_group_interface[m[K);  // Pass the address of move_group_interface
      |                                                                [01;31m[K^~~~~~~~~~~~~~~~~~~~[m[K
[01m[K/home/beniamino/ros2_ws/src/panda_impedance_controller/panda_moveit_planning_demo/src/panda_moveit_cartesian_demo_nobag.cpp:98:22:[m[K [01;31m[Kerror: [m[Kâ€˜[01m[Kgenerate_waypoints[m[Kâ€™ was not declared in this scope
   98 |     auto waypoints = [01;31m[Kgenerate_waypoints[m[K(cartesian_path_poses, &move_group_interface);  // Pass the address of move_group_interface
      |                      [01;31m[K^~~~~~~~~~~~~~~~~~[m[K
[01m[K/home/beniamino/ros2_ws/src/panda_impedance_controller/panda_moveit_planning_demo/src/panda_moveit_cartesian_demo_nobag.cpp:108:5:[m[K [01;31m[Kerror: [m[Kâ€˜[01m[Ksuccess[m[Kâ€™ was not declared in this scope; did you mean â€˜[01m[Keaccess[m[Kâ€™?
  108 |     [01;31m[Ksuccess[m[K = fraction == 1.0;  // Check if the fraction of the planned path is 1.0 (complete path planned)
      |     [01;31m[K^~~~~~~[m[K
      |     [32m[Keaccess[m[K
[01m[K/home/beniamino/ros2_ws/src/panda_impedance_controller/panda_moveit_planning_demo/src/panda_moveit_cartesian_demo_nobag.cpp:109:51:[m[K [01;31m[Kerror: [m[Kexpected primary-expression before â€˜[01m[K,[m[Kâ€™ token
  109 |     display_planned_trajectory(moveit_visual_tools[01;31m[K,[m[K move_group_interface, planning_group, cartesian_plan.trajectory_);  // Display the planned Cartesian trajectory in RViz
      |                                                   [01;31m[K^[m[K
[01m[K/home/beniamino/ros2_ws/src/panda_impedance_controller/panda_moveit_planning_demo/src/panda_moveit_cartesian_demo_nobag.cpp:109:75:[m[K [01;31m[Kerror: [m[Kâ€˜[01m[Kplanning_group[m[Kâ€™ was not declared in this scope; did you mean â€˜[01m[Kplanning_node[m[Kâ€™?
  109 |     display_planned_trajectory(moveit_visual_tools, move_group_interface, [01;31m[Kplanning_group[m[K, cartesian_plan.trajectory_);  // Display the planned Cartesian trajectory in RViz
      |                                                                           [01;31m[K^~~~~~~~~~~~~~[m[K
      |                                                                           [32m[Kplanning_node[m[K
[01m[K/home/beniamino/ros2_ws/src/panda_impedance_controller/panda_moveit_planning_demo/src/panda_moveit_cartesian_demo_nobag.cpp:112:39:[m[K [01;31m[Kerror: [m[Kexpected primary-expression before â€˜[01m[K,[m[Kâ€™ token
  112 |         draw_title(moveit_visual_tools[01;31m[K,[m[K "Planning Failed!");  // Draw "Planning Failed!" title in RViz
      |                                       [01;31m[K^[m[K
[01m[K/home/beniamino/ros2_ws/src/panda_impedance_controller/panda_moveit_planning_demo/src/panda_moveit_cartesian_demo_nobag.cpp:118:5:[m[K [01;31m[Kerror: [m[Kâ€˜[01m[Kplanned_trajectory[m[Kâ€™ was not declared in this scope
  118 |     [01;31m[Kplanned_trajectory[m[K = planning_node->get_task_space_trajectory(cartesian_plan.trajectory_, robot_state, &logger, end_effector_link_name, base_frame, planning_group);  // Generate a task space trajectory
      |     [01;31m[K^~~~~~~~~~~~~~~~~~[m[K
[01m[K/home/beniamino/ros2_ws/src/panda_impedance_controller/panda_moveit_planning_demo/src/panda_moveit_cartesian_demo_nobag.cpp:118:95:[m[K [01;31m[Kerror: [m[Kâ€˜[01m[Krobot_state[m[Kâ€™ was not declared in this scope
  118 |     planned_trajectory = planning_node->get_task_space_trajectory(cartesian_plan.trajectory_, [01;31m[Krobot_state[m[K, &logger, end_effector_link_name, base_frame, planning_group);  // Generate a task space trajectory
      |                                                                                               [01;31m[K^~~~~~~~~~~[m[K
[01m[K/home/beniamino/ros2_ws/src/panda_impedance_controller/panda_moveit_planning_demo/src/panda_moveit_cartesian_demo_nobag.cpp:118:117:[m[K [01;31m[Kerror: [m[Kâ€˜[01m[Kend_effector_link_name[m[Kâ€™ was not declared in this scope
  118 |     planned_trajectory = planning_node->get_task_space_trajectory(cartesian_plan.trajectory_, robot_state, &logger, [01;31m[Kend_effector_link_name[m[K, base_frame, planning_group);  // Generate a task space trajectory
      |                                                                                                                     [01;31m[K^~~~~~~~~~~~~~~~~~~~~~[m[K
[01m[K/home/beniamino/ros2_ws/src/panda_impedance_controller/panda_moveit_planning_demo/src/panda_moveit_cartesian_demo_nobag.cpp:118:141:[m[K [01;31m[Kerror: [m[Kâ€˜[01m[Kbase_frame[m[Kâ€™ was not declared in this scope; did you mean â€˜[01m[Kbasename[m[Kâ€™?
  118 |     planned_trajectory = planning_node->get_task_space_trajectory(cartesian_plan.trajectory_, robot_state, &logger, end_effector_link_name, [01;31m[Kbase_frame[m[K, planning_group);  // Generate a task space trajectory
      |                                                                                                                                             [01;31m[K^~~~~~~~~~[m[K
      |                                                                                                                                             [32m[Kbasename[m[K
[01m[K/home/beniamino/ros2_ws/src/panda_impedance_controller/panda_moveit_planning_demo/src/panda_moveit_cartesian_demo_nobag.cpp:128:9:[m[K [01;31m[Kerror: [m[Kâ€˜[01m[Kbag_file_handler[m[Kâ€™ was not declared in this scope; did you mean â€˜[01m[Kbag_file_utils[m[Kâ€™?
  128 |         [01;31m[Kbag_file_handler[m[K->write_trajectory(
      |         [01;31m[K^~~~~~~~~~~~~~~~[m[K
      |         [32m[Kbag_file_utils[m[K
[01m[K/home/beniamino/ros2_ws/src/panda_impedance_controller/panda_moveit_planning_demo/src/panda_moveit_cartesian_demo_nobag.cpp:134:43:[m[K [01;31m[Kerror: [m[Kexpected primary-expression before â€˜[01m[K,[m[Kâ€™ token
  134 |     execute_trajectory(moveit_visual_tools[01;31m[K,[m[K planned_trajectory, planning_node);  // Execute the planned trajectory
      |                                           [01;31m[K^[m[K
[01m[K/home/beniamino/ros2_ws/src/panda_impedance_controller/panda_moveit_planning_demo/src/panda_moveit_cartesian_demo_nobag.cpp:136:24:[m[K [01;31m[Kerror: [m[Kexpected primary-expression before â€˜[01m[K.[m[Kâ€™ token
  136 |     moveit_visual_tools[01;31m[K.[m[KdeleteAllMarkers();  // Delete all markers in RViz
      |                        [01;31m[K^[m[K
gmake[2]: *** [CMakeFiles/panda_moveit_cartesian_demo_nobag.dir/build.make:76: CMakeFiles/panda_moveit_cartesian_demo_nobag.dir/src/panda_moveit_cartesian_demo_nobag.cpp.o] Error 1
gmake[1]: *** [CMakeFiles/Makefile2:314: CMakeFiles/panda_moveit_cartesian_demo_nobag.dir/all] Error 2
gmake[1]: *** Waiting for unfinished jobs....
[ 92%] [32m[1mLinking CXX executable panda_moveit_cartesian_demo[0m
[ 92%] Built target panda_moveit_cartesian_demo
gmake: *** [Makefile:146: all] Error 2
