[ 16%] [34m[1mRunning `/opt/ros/humble/bin/generate_parameter_library_cpp /home/beniamino/ros2_ws/build/panda_impedance_controller/panda_impedance_controller_parameters/include//panda_impedance_controller_parameters.hpp /home/beniamino/ros2_ws/src/panda_impedance_controller/panda_impedance_controller/src/impedance_controller_parameters.yaml `[0m
[ 50%] Built target calculate_pose
[ 50%] Built target panda_impedance_controller_parameters
[35m[1mConsolidate compiler generated dependencies of target panda_impedance_controller[0m
[ 66%] [32mBuilding CXX object CMakeFiles/panda_impedance_controller.dir/src/impedance_controller.cpp.o[0m
[01m[K/home/beniamino/ros2_ws/src/panda_impedance_controller/panda_impedance_controller/src/impedance_controller.cpp:[m[K In member function â€˜[01m[Kvirtual controller_interface::CallbackReturn panda_impedance_controller::ImpedanceController::on_configure(const rclcpp_lifecycle::State&)[m[Kâ€™:
[01m[K/home/beniamino/ros2_ws/src/panda_impedance_controller/panda_impedance_controller/src/impedance_controller.cpp:322:5:[m[K [01;31m[Kerror: [m[Kâ€˜[01m[Kk0[m[Kâ€™ was not declared in this scope; did you mean â€˜[01m[Ky0[m[Kâ€™?
  322 |     [01;31m[Kk0[m[K = ros_params_.gains.k0;  // Scaling factor for manipulability optimization
      |     [01;31m[K^~[m[K
      |     [32m[Ky0[m[K
[01m[K/home/beniamino/ros2_ws/src/panda_impedance_controller/panda_impedance_controller/src/impedance_controller.cpp:322:28:[m[K [01;31m[Kerror: [m[Kâ€˜[01m[Kstruct impedance_controller::Params::Gains[m[Kâ€™ has no member named â€˜[01m[Kk0[m[Kâ€™
  322 |     k0 = ros_params_.gains.[01;31m[Kk0[m[K;  // Scaling factor for manipulability optimization
      |                            [01;31m[K^~[m[K
gmake[2]: *** [CMakeFiles/panda_impedance_controller.dir/build.make:76: CMakeFiles/panda_impedance_controller.dir/src/impedance_controller.cpp.o] Error 1
gmake[1]: *** [CMakeFiles/Makefile2:167: CMakeFiles/panda_impedance_controller.dir/all] Error 2
gmake: *** [Makefile:146: all] Error 2
