[01m[K/home/beniamino/ros2_ws/src/panda_impedance_controller/panda_impedance_controller/src/impedance_controller.cpp:[m[K In member function â€˜[01m[Kvoid panda_impedance_controller::ImpedanceController::compute_effort(Eigen::VectorXd&, const VectorXd&, const VectorXd&)[m[Kâ€™:
[01m[K/home/beniamino/ros2_ws/src/panda_impedance_controller/panda_impedance_controller/src/impedance_controller.cpp:487:1:[m[K [01;31m[Kerror: [m[Kâ€˜[01m[Kx[m[Kâ€™ was not declared in this scope
  487 | [01;31m[Kx[m[K
      | [01;31m[K^[m[K
[01m[K/home/beniamino/ros2_ws/src/panda_impedance_controller/panda_impedance_controller/src/impedance_controller.cpp:489:5:[m[K [01;31m[Kerror: [m[Kâ€˜[01m[Korientation_error[m[Kâ€™ was not declared in this scope; did you mean â€˜[01m[Kposition_error[m[Kâ€™?
  489 |     [01;31m[Korientation_error[m[K << error_quaternion.x(), error_quaternion.y(), error_quaternion.z();
      |     [01;31m[K^~~~~~~~~~~~~~~~~[m[K
      |     [32m[Kposition_error[m[K
gmake[2]: *** [CMakeFiles/panda_impedance_controller.dir/build.make:76: CMakeFiles/panda_impedance_controller.dir/src/impedance_controller.cpp.o] Error 1
gmake[1]: *** [CMakeFiles/Makefile2:167: CMakeFiles/panda_impedance_controller.dir/all] Error 2
gmake: *** [Makefile:146: all] Error 2
