[0.024s] Invoking command in '/home/beniamino/ros2_ws/build/panda_impedance_controller': CMAKE_PREFIX_PATH=/home/beniamino/ros2_ws/install/kdl_inverse_dynamics_solver:/home/beniamino/ros2_ws/install/ros_extensions_utilities:/home/beniamino/ros2_ws/install/inverse_dynamics_solver:/home/beniamino/ros2_ws/install/cartesian_control_msgs:/home/beniamino/ros2_ws/install/panda_moveit_planning_demo:/home/beniamino/ros2_ws/install/panda_impedance_controller:/home/beniamino/ros2_ws/install/acg_resources_panda_moveit_config:/home/beniamino/ros2_ws/install/acg_resources_panda_description:/home/beniamino/ros2_ws/install/acg_resources_panda_trajectory_generation:/home/beniamino/ros2_ws/install/acg_resources_panda_trajectory_analyzer:/opt/ros/humble LD_LIBRARY_PATH=/home/beniamino/ros2_ws/install/kdl_inverse_dynamics_solver/lib:/home/beniamino/ros2_ws/install/cartesian_control_msgs/lib:/home/beniamino/ros2_ws/install/panda_impedance_controller/lib:/opt/ros/humble/opt/rviz_ogre_vendor/lib:/opt/ros/humble/lib/x86_64-linux-gnu:/opt/ros/humble/lib /usr/bin/cmake --build /home/beniamino/ros2_ws/build/panda_impedance_controller -- -j12 -l12
[0.111s] [ 16%] Built target panda_impedance_controller_parameters
[0.126s] [ 50%] Built target calculate_pose
[0.165s] [ 66%] [32mBuilding CXX object CMakeFiles/panda_impedance_controller.dir/src/impedance_controller.cpp.o[0m
[8.055s] [01m[K/home/beniamino/ros2_ws/src/panda_impedance_controller/panda_impedance_controller/src/impedance_controller.cpp:[m[K In member function â€˜[01m[Kvoid panda_impedance_controller::ImpedanceController::compute_effort(Eigen::VectorXd&, const VectorXd&, const VectorXd&)[m[Kâ€™:
[8.055s] [01m[K/home/beniamino/ros2_ws/src/panda_impedance_controller/panda_impedance_controller/src/impedance_controller.cpp:487:1:[m[K [01;31m[Kerror: [m[Kâ€˜[01m[Kx[m[Kâ€™ was not declared in this scope
[8.055s]   487 | [01;31m[Kx[m[K
[8.055s]       | [01;31m[K^[m[K
[8.079s] [01m[K/home/beniamino/ros2_ws/src/panda_impedance_controller/panda_impedance_controller/src/impedance_controller.cpp:489:5:[m[K [01;31m[Kerror: [m[Kâ€˜[01m[Korientation_error[m[Kâ€™ was not declared in this scope; did you mean â€˜[01m[Kposition_error[m[Kâ€™?
[8.079s]   489 |     [01;31m[Korientation_error[m[K << error_quaternion.x(), error_quaternion.y(), error_quaternion.z();
[8.079s]       |     [01;31m[K^~~~~~~~~~~~~~~~~[m[K
[8.079s]       |     [32m[Kposition_error[m[K
[22.840s] gmake[2]: *** [CMakeFiles/panda_impedance_controller.dir/build.make:76: CMakeFiles/panda_impedance_controller.dir/src/impedance_controller.cpp.o] Error 1
[22.840s] gmake[1]: *** [CMakeFiles/Makefile2:167: CMakeFiles/panda_impedance_controller.dir/all] Error 2
[22.841s] gmake: *** [Makefile:146: all] Error 2
[22.844s] Invoked command in '/home/beniamino/ros2_ws/build/panda_impedance_controller' returned '2': CMAKE_PREFIX_PATH=/home/beniamino/ros2_ws/install/kdl_inverse_dynamics_solver:/home/beniamino/ros2_ws/install/ros_extensions_utilities:/home/beniamino/ros2_ws/install/inverse_dynamics_solver:/home/beniamino/ros2_ws/install/cartesian_control_msgs:/home/beniamino/ros2_ws/install/panda_moveit_planning_demo:/home/beniamino/ros2_ws/install/panda_impedance_controller:/home/beniamino/ros2_ws/install/acg_resources_panda_moveit_config:/home/beniamino/ros2_ws/install/acg_resources_panda_description:/home/beniamino/ros2_ws/install/acg_resources_panda_trajectory_generation:/home/beniamino/ros2_ws/install/acg_resources_panda_trajectory_analyzer:/opt/ros/humble LD_LIBRARY_PATH=/home/beniamino/ros2_ws/install/kdl_inverse_dynamics_solver/lib:/home/beniamino/ros2_ws/install/cartesian_control_msgs/lib:/home/beniamino/ros2_ws/install/panda_impedance_controller/lib:/opt/ros/humble/opt/rviz_ogre_vendor/lib:/opt/ros/humble/lib/x86_64-linux-gnu:/opt/ros/humble/lib /usr/bin/cmake --build /home/beniamino/ros2_ws/build/panda_impedance_controller -- -j12 -l12
